<?xml version="1.0" encoding="UTF-8"?>
<!-- Generated by org.testng.reporters.JUnitReportReporter -->
<testsuite skipped="0" hostname="DESKTOP-V123S32" name="suitea.TestA" tests="1" failures="0" timestamp="2020-05-15T17:38:51 IST" time="2.008" errors="0">
  <testcase name="testA" time="2.008" classname="suitea.TestA"/>
</testsuite> <!-- suitea.TestA -->
