<?xml version="1.0" encoding="UTF-8"?>
<!-- Generated by org.testng.reporters.JUnitReportReporter -->
<testsuite skipped="0" hostname="DESKTOP-V123S32" name="exercises3.CrikInfo" tests="1" failures="0" timestamp="2020-07-08T17:32:48 IST" time="16.803" errors="0">
  <testcase name="testApp" time="16.803" classname="exercises3.CrikInfo"/>
</testsuite> <!-- exercises3.CrikInfo -->
