<?xml version="1.0" encoding="UTF-8"?>
<!-- Generated by org.testng.reporters.JUnitReportReporter -->
<testsuite skipped="0" hostname="DESKTOP-V123S32" name="exercises5.RandomPopup" tests="1" failures="0" timestamp="2020-07-08T19:43:37 IST" time="6.102" errors="0">
  <testcase name="randomPopup" time="6.102" classname="exercises5.RandomPopup"/>
</testsuite> <!-- exercises5.RandomPopup -->
