<?xml version="1.0" encoding="UTF-8"?>
<!-- Generated by org.testng.reporters.JUnitReportReporter -->
<testsuite skipped="0" hostname="DESKTOP-V123S32" name="exercises3.FBFriendPrint" tests="1" failures="0" timestamp="2020-07-08T17:04:13 IST" time="343.744" errors="0">
  <testcase name="testApp" time="343.744" classname="exercises3.FBFriendPrint"/>
</testsuite> <!-- exercises3.FBFriendPrint -->
