<?xml version="1.0" encoding="UTF-8"?>
<!-- Generated by org.testng.reporters.JUnitReportReporter -->
<testsuite skipped="0" hostname="DESKTOP-V123S32" name="exercises6.Bankbazaar" tests="1" failures="0" timestamp="2020-07-08T19:45:59 IST" time="8.153" errors="0">
  <testcase name="bank" time="8.153" classname="exercises6.Bankbazaar"/>
</testsuite> <!-- exercises6.Bankbazaar -->
