<?xml version="1.0" encoding="UTF-8"?>
<!-- Generated by org.testng.reporters.JUnitReportReporter -->
<testsuite skipped="0" hostname="DESKTOP-V123S32" name="exercises1.FBFriendSearch" tests="1" failures="0" timestamp="2020-07-08T15:28:37 IST" time="28.214" errors="0">
  <testcase name="testApp" time="28.214" classname="exercises1.FBFriendSearch"/>
</testsuite> <!-- exercises1.FBFriendSearch -->
