<?xml version="1.0" encoding="UTF-8"?>
<!-- Generated by org.testng.reporters.JUnitReportReporter -->
<testsuite skipped="0" hostname="DESKTOP-V123S32" name="exercises3.Jobserve" tests="1" failures="0" timestamp="2020-07-08T16:44:13 IST" time="20.206" errors="0">
  <testcase name="testApp" time="20.206" classname="exercises3.Jobserve"/>
</testsuite> <!-- exercises3.Jobserve -->
