<?xml version="1.0" encoding="UTF-8"?>
<!-- Generated by org.testng.reporters.JUnitReportReporter -->
<testsuite skipped="0" hostname="DESKTOP-V123S32" name="exercises1.AmericanGolf" tests="1" failures="0" timestamp="2020-07-08T15:45:10 IST" time="14.675" errors="0">
  <testcase name="testApp" time="14.675" classname="exercises1.AmericanGolf"/>
</testsuite> <!-- exercises1.AmericanGolf -->
