<?xml version="1.0" encoding="UTF-8"?>
<!-- Generated by org.testng.reporters.JUnitReportReporter -->
<testsuite skipped="0" hostname="DESKTOP-V123S32" name="exercises4.Insider" tests="1" failures="0" timestamp="2020-07-08T19:10:39 IST" time="24.367" errors="0">
  <testcase name="testApp" time="24.367" classname="exercises4.Insider"/>
</testsuite> <!-- exercises4.Insider -->
