<?xml version="1.0" encoding="UTF-8"?>
<!-- Generated by org.testng.reporters.JUnitReportReporter -->
<testsuite skipped="0" hostname="DESKTOP-V123S32" name="exercises2.Magicbricks" tests="1" failures="0" timestamp="2020-07-08T16:17:48 IST" time="21.007" errors="0">
  <testcase name="testApp" time="21.007" classname="exercises2.Magicbricks"/>
</testsuite> <!-- exercises2.Magicbricks -->
