<?xml version="1.0" encoding="UTF-8"?>
<!-- Generated by org.testng.reporters.JUnitReportReporter -->
<testsuite skipped="0" hostname="DESKTOP-V123S32" name="exercises4.Dice" tests="1" failures="0" timestamp="2020-07-08T19:14:33 IST" time="20.229" errors="0">
  <testcase name="testApp" time="20.229" classname="exercises4.Dice"/>
</testsuite> <!-- exercises4.Dice -->
