<?xml version="1.0" encoding="UTF-8"?>
<!-- Generated by org.testng.reporters.JUnitReportReporter -->
<testsuite skipped="0" hostname="DESKTOP-V123S32" name="exercises4.Hostgator" tests="1" failures="0" timestamp="2020-07-08T19:03:13 IST" time="18.139" errors="0">
  <testcase name="testApp" time="18.139" classname="exercises4.Hostgator"/>
</testsuite> <!-- exercises4.Hostgator -->
