<?xml version="1.0" encoding="UTF-8"?>
<!-- Generated by org.testng.reporters.JUnitReportReporter -->
<testsuite skipped="0" hostname="DESKTOP-V123S32" name="exercises4.WebTable" tests="1" failures="0" timestamp="2020-07-08T19:42:42 IST" time="150.980" errors="0">
  <testcase name="testApp" time="150.980" classname="exercises4.WebTable"/>
</testsuite> <!-- exercises4.WebTable -->
