<?xml version="1.0" encoding="UTF-8"?>
<!-- Generated by org.testng.reporters.JUnitReportReporter -->
<testsuite skipped="0" hostname="DESKTOP-V123S32" name="exercises4.Magicbricks" tests="1" failures="0" timestamp="2020-07-08T18:29:57 IST" time="14.169" errors="0">
  <testcase name="testApp" time="14.169" classname="exercises4.Magicbricks"/>
</testsuite> <!-- exercises4.Magicbricks -->
