<?xml version="1.0" encoding="UTF-8"?>
<!-- Generated by org.testng.reporters.JUnitReportReporter -->
<testsuite skipped="0" hostname="DESKTOP-V123S32" name="suiteb.TestB" tests="1" failures="0" timestamp="2020-05-15T17:32:51 IST" time="2.002" errors="0">
  <testcase name="testB" time="2.002" classname="suiteb.TestB"/>
</testsuite> <!-- suiteb.TestB -->
