<?xml version="1.0" encoding="UTF-8"?>
<!-- Generated by org.testng.reporters.JUnitReportReporter -->
<testsuite skipped="0" hostname="DESKTOP-V123S32" name="suitea.TestAA" tests="1" failures="0" timestamp="2020-05-15T17:32:51 IST" time="2.012" errors="0">
  <testcase name="testAA" time="2.012" classname="suitea.TestAA"/>
</testsuite> <!-- suitea.TestAA -->
