<?xml version="1.0" encoding="UTF-8"?>
<!-- Generated by org.testng.reporters.JUnitReportReporter -->
<testsuite skipped="0" hostname="DESKTOP-50659SL" name="downloadandupload.IE_Download" tests="1" failures="0" timestamp="18 Mar 2021 07:16:54 GMT" time="5.915" errors="0">
  <testcase name="download" time="5.915" classname="downloadandupload.IE_Download"/>
</testsuite> <!-- downloadandupload.IE_Download -->
