<?xml version="1.0" encoding="UTF-8"?>
<!-- Generated by org.testng.reporters.JUnitReportReporter -->
<testsuite skipped="0" hostname="DESKTOP-NM05SVP" name="Parallel03IT" tests="1" failures="0" timestamp="18 Aug 2018 05:49:47 GMT" time="3.977" errors="0">
  <testcase name="runScenario" time="3.977" classname="Parallel03IT"/>
</testsuite> <!-- Parallel03IT -->
