<?xml version="1.0" encoding="UTF-8"?>
<!-- Generated by org.testng.reporters.JUnitReportReporter -->
<testsuite skipped="0" hostname="DESKTOP-NM05SVP" name="com.qtpselenium.cucumber.MyTestngRunner" tests="4" failures="0" timestamp="18 Aug 2018 05:26:11 GMT" time="1.508" errors="0">
  <testcase name="runScenario" time="0.042" classname="com.qtpselenium.cucumber.MyTestngRunner"/>
  <testcase name="runScenario" time="1.219" classname="com.qtpselenium.cucumber.MyTestngRunner"/>
  <testcase name="runScenario" time="0.010" classname="com.qtpselenium.cucumber.MyTestngRunner"/>
  <testcase name="runScenario" time="0.237" classname="com.qtpselenium.cucumber.MyTestngRunner"/>
</testsuite> <!-- com.qtpselenium.cucumber.MyTestngRunner -->
