<?xml version="1.0" encoding="UTF-8"?>
<!-- Generated by org.testng.reporters.JUnitReportReporter -->
<testsuite skipped="0" hostname="DESKTOP-NM05SVP" name="com.qtpselenium.cucumber.MyRunnerTest" tests="4" failures="0" timestamp="18 Aug 2018 04:41:09 GMT" time="1.164" errors="0">
  <testcase name="runScenario" time="0.222" classname="com.qtpselenium.cucumber.MyRunnerTest"/>
  <testcase name="runScenario" time="0.910" classname="com.qtpselenium.cucumber.MyRunnerTest"/>
  <testcase name="runScenario" time="0.011" classname="com.qtpselenium.cucumber.MyRunnerTest"/>
  <testcase name="runScenario" time="0.021" classname="com.qtpselenium.cucumber.MyRunnerTest"/>
</testsuite> <!-- com.qtpselenium.cucumber.MyRunnerTest -->
