<?xml version="1.0" encoding="UTF-8"?>
<!-- Generated by org.testng.reporters.JUnitReportReporter -->
<testsuite skipped="0" hostname="DESKTOP-NM05SVP" name="Parallel01IT" tests="1" failures="0" timestamp="18 Aug 2018 05:49:44 GMT" time="0.658" errors="0">
  <testcase name="runScenario" time="0.658" classname="Parallel01IT"/>
</testsuite> <!-- Parallel01IT -->
