<?xml version="1.0" encoding="UTF-8"?>
<!-- Generated by org.testng.reporters.JUnitReportReporter -->
<testsuite skipped="0" hostname="DESKTOP-NM05SVP" name="com.qtpselenium.cucumber.MyTestngRunnerTest" tests="4" failures="0" timestamp="18 Aug 2018 05:23:37 GMT" time="1.823" errors="0">
  <testcase name="runScenario" time="0.339" classname="com.qtpselenium.cucumber.MyTestngRunnerTest"/>
  <testcase name="runScenario" time="0.024" classname="com.qtpselenium.cucumber.MyTestngRunnerTest"/>
  <testcase name="runScenario" time="0.009" classname="com.qtpselenium.cucumber.MyTestngRunnerTest"/>
  <testcase name="runScenario" time="1.451" classname="com.qtpselenium.cucumber.MyTestngRunnerTest"/>
</testsuite> <!-- com.qtpselenium.cucumber.MyTestngRunnerTest -->
